2025-02-19 21:08:53,341 [main] INFO  (ExistRepository.java [prepare]:100) - Using directory /exist/etc/../data/expathrepo for expath package repository 
2025-02-19 21:08:53,346 [main] INFO  (Repository.java [<init>]:61) - Create a new repository with storage: File system storage in /exist/etc/../data/expathrepo 
2025-02-19 21:08:53,879 [main] INFO  (AutoDeploymentTrigger.java [execute]:95) - Scanning autodeploy directory. Found 9 app packages. 
2025-02-19 21:08:54,017 [main] INFO  (Deployment.java [installAndDeploy]:220) - Package http://exist-db.org/apps/dashboard depends on http://www.functx.com 
2025-02-19 21:08:54,019 [main] INFO  (Deployment.java [installAndDeploy]:267) - Installing package file:///exist/autodeploy/functx-1.0.1.xar 
2025-02-19 21:08:54,034 [main] INFO  (FileSystemStorage.java [getContenDir]:254) - Warning: package uses old-style content dir: '/exist/etc/../data/expathrepo/functx-1.0.1/functx' 
2025-02-19 21:08:54,133 [main] INFO  (Deployment.java [installAndDeploy]:280) - Deploying package http://www.functx.com 
2025-02-19 21:08:54,135 [main] WARN  (Deployment.java [deploy]:383) - EXPath Package 'http://www.functx.com' does not contain a <target> in its repo.xml, no files will be deployed to /apps 
2025-02-19 21:08:54,278 [main] INFO  (Deployment.java [installAndDeploy]:220) - Package http://exist-db.org/apps/dashboard depends on http://exist-db.org/apps/existdb-packageservice 
2025-02-19 21:08:54,281 [main] INFO  (Deployment.java [installAndDeploy]:220) - Package http://exist-db.org/apps/existdb-packageservice depends on http://www.functx.com 
2025-02-19 21:08:54,282 [main] INFO  (Deployment.java [installAndDeploy]:220) - Package http://exist-db.org/apps/existdb-packageservice depends on http://exist-db.org/xquery/semver-xq 
2025-02-19 21:08:54,284 [main] INFO  (Deployment.java [installAndDeploy]:267) - Installing package file:///exist/autodeploy/semver-xq-3.0.0.xar 
2025-02-19 21:08:54,294 [main] INFO  (Deployment.java [installAndDeploy]:280) - Deploying package http://exist-db.org/xquery/semver-xq 
2025-02-19 21:08:54,297 [main] WARN  (Deployment.java [deploy]:383) - EXPath Package 'http://exist-db.org/xquery/semver-xq' does not contain a <target> in its repo.xml, no files will be deployed to /apps 
2025-02-19 21:08:54,331 [main] INFO  (Deployment.java [installAndDeploy]:267) - Installing package file:///exist/autodeploy/packageservice-1.3.14.xar 
2025-02-19 21:08:54,345 [main] INFO  (FileSystemStorage.java [getContenDir]:229) - None of content dirs exist: '/exist/etc/../data/expathrepo/packageservice-1.3.14/content' and '/exist/etc/../data/expathrepo/packageservice-1.3.14/packageservice' 
2025-02-19 21:08:54,349 [main] INFO  (Deployment.java [installAndDeploy]:280) - Deploying package http://exist-db.org/apps/existdb-packageservice 
2025-02-19 21:08:56,559 [main] INFO  (Deployment.java [installAndDeploy]:267) - Installing package file:///exist/autodeploy/dashboard-2.0.9.xar 
2025-02-19 21:08:56,606 [main] INFO  (FileSystemStorage.java [getContenDir]:229) - None of content dirs exist: '/exist/etc/../data/expathrepo/dashboard-2.0.9/content' and '/exist/etc/../data/expathrepo/dashboard-2.0.9/dashboard' 
2025-02-19 21:08:56,617 [main] INFO  (Deployment.java [installAndDeploy]:280) - Deploying package http://exist-db.org/apps/dashboard 
2025-02-19 21:08:58,135 [main] INFO  (Deployment.java [installAndDeploy]:267) - Installing package file:///exist/autodeploy/eXide-3.5.0.xar 
2025-02-19 21:08:58,289 [main] INFO  (FileSystemStorage.java [getContenDir]:229) - None of content dirs exist: '/exist/etc/../data/expathrepo/eXide-3.5.0/content' and '/exist/etc/../data/expathrepo/eXide-3.5.0/eXide' 
2025-02-19 21:08:58,295 [main] INFO  (Deployment.java [installAndDeploy]:280) - Deploying package http://exist-db.org/apps/eXide 
2025-02-19 21:08:59,986 [main] INFO  (Deployment.java [installAndDeploy]:220) - Package http://exist-db.org/apps/doc depends on http://exist-db.org/html-templating 
2025-02-19 21:08:59,987 [main] INFO  (Deployment.java [installAndDeploy]:267) - Installing package file:///exist/autodeploy/templating-1.1.0.xar 
2025-02-19 21:08:59,996 [main] INFO  (Deployment.java [installAndDeploy]:280) - Deploying package http://exist-db.org/html-templating 
2025-02-19 21:08:59,997 [main] WARN  (Deployment.java [deploy]:383) - EXPath Package 'http://exist-db.org/html-templating' does not contain a <target> in its repo.xml, no files will be deployed to /apps 
2025-02-19 21:09:00,017 [main] INFO  (Deployment.java [installAndDeploy]:267) - Installing package file:///exist/autodeploy/exist-documentation-6.1.0.xar 
2025-02-19 21:09:00,088 [main] INFO  (FileSystemStorage.java [getContenDir]:229) - None of content dirs exist: '/exist/etc/../data/expathrepo/exist-documentation-6.1.0/content' and '/exist/etc/../data/expathrepo/exist-documentation-6.1.0/exist-documentation' 
2025-02-19 21:09:00,093 [main] INFO  (Deployment.java [installAndDeploy]:280) - Deploying package http://exist-db.org/apps/doc 
2025-02-19 21:09:03,584 [main] INFO  (Deployment.java [installAndDeploy]:220) - Package http://exist-db.org/apps/fundocs depends on http://exist-db.org/html-templating 
2025-02-19 21:09:03,585 [main] INFO  (Deployment.java [installAndDeploy]:267) - Installing package file:///exist/autodeploy/exist-function-documentation-1.2.0.xar 
2025-02-19 21:09:03,598 [main] INFO  (FileSystemStorage.java [getContenDir]:229) - None of content dirs exist: '/exist/etc/../data/expathrepo/fundocs-1.2.0/content' and '/exist/etc/../data/expathrepo/fundocs-1.2.0/fundocs' 
2025-02-19 21:09:03,614 [main] INFO  (Deployment.java [installAndDeploy]:280) - Deploying package http://exist-db.org/apps/fundocs 
2025-02-19 21:09:03,911 [main] INFO  (Deployment.java [installAndDeploy]:192) - Application package http://www.functx.com already installed. Skipping. 
2025-02-19 21:09:03,941 [main] INFO  (Deployment.java [installAndDeploy]:220) - Package http://exist-db.org/apps/monex depends on http://exist-db.org/html-templating 
2025-02-19 21:09:03,942 [main] INFO  (Deployment.java [installAndDeploy]:267) - Installing package file:///exist/autodeploy/monex-4.0.0.xar 
2025-02-19 21:09:03,989 [main] INFO  (Deployment.java [installAndDeploy]:280) - Deploying package http://exist-db.org/apps/monex 
2025-02-19 21:09:04,366 [main] INFO  (Deployment.java [installAndDeploy]:192) - Application package http://exist-db.org/apps/existdb-packageservice already installed. Skipping. 
2025-02-19 21:09:04,368 [main] INFO  (Deployment.java [installAndDeploy]:192) - Application package http://exist-db.org/xquery/semver-xq already installed. Skipping. 
2025-02-19 21:09:04,370 [main] INFO  (Deployment.java [installAndDeploy]:192) - Application package http://exist-db.org/html-templating already installed. Skipping. 
2025-02-19 22:04:49,495 [main] INFO  (ExistRepository.java [prepare]:100) - Using directory /exist/etc/../data/expathrepo for expath package repository 
2025-02-19 22:04:49,500 [main] INFO  (Repository.java [<init>]:61) - Create a new repository with storage: File system storage in /exist/etc/../data/expathrepo 
2025-02-19 22:04:49,512 [main] INFO  (FileSystemStorage.java [getContenDir]:229) - None of content dirs exist: '/exist/etc/../data/expathrepo/exist-documentation-6.1.0/content' and '/exist/etc/../data/expathrepo/exist-documentation-6.1.0/exist-documentation' 
2025-02-19 22:04:49,515 [main] INFO  (FileSystemStorage.java [getContenDir]:229) - None of content dirs exist: '/exist/etc/../data/expathrepo/eXide-3.5.0/content' and '/exist/etc/../data/expathrepo/eXide-3.5.0/eXide' 
2025-02-19 22:04:49,520 [main] INFO  (FileSystemStorage.java [getContenDir]:254) - Warning: package uses old-style content dir: '/exist/etc/../data/expathrepo/functx-1.0.1/functx' 
2025-02-19 22:04:49,522 [main] INFO  (FileSystemStorage.java [getContenDir]:229) - None of content dirs exist: '/exist/etc/../data/expathrepo/dashboard-2.0.9/content' and '/exist/etc/../data/expathrepo/dashboard-2.0.9/dashboard' 
2025-02-19 22:04:49,524 [main] INFO  (FileSystemStorage.java [getContenDir]:229) - None of content dirs exist: '/exist/etc/../data/expathrepo/packageservice-1.3.14/content' and '/exist/etc/../data/expathrepo/packageservice-1.3.14/packageservice' 
2025-02-19 22:04:49,525 [main] INFO  (FileSystemStorage.java [getContenDir]:229) - None of content dirs exist: '/exist/etc/../data/expathrepo/fundocs-1.2.0/content' and '/exist/etc/../data/expathrepo/fundocs-1.2.0/fundocs' 
2025-02-19 22:04:50,125 [main] INFO  (AutoDeploymentTrigger.java [execute]:95) - Scanning autodeploy directory. Found 9 app packages. 
2025-02-19 22:04:50,251 [main] INFO  (Deployment.java [installAndDeploy]:192) - Application package http://exist-db.org/apps/dashboard already installed. Skipping. 
2025-02-19 22:04:50,258 [main] INFO  (Deployment.java [installAndDeploy]:192) - Application package http://exist-db.org/apps/eXide already installed. Skipping. 
2025-02-19 22:04:50,300 [main] INFO  (Deployment.java [installAndDeploy]:192) - Application package http://exist-db.org/apps/doc already installed. Skipping. 
2025-02-19 22:04:50,304 [main] INFO  (Deployment.java [installAndDeploy]:192) - Application package http://exist-db.org/apps/fundocs already installed. Skipping. 
2025-02-19 22:04:50,306 [main] INFO  (Deployment.java [installAndDeploy]:192) - Application package http://www.functx.com already installed. Skipping. 
2025-02-19 22:04:50,336 [main] INFO  (Deployment.java [installAndDeploy]:192) - Application package http://exist-db.org/apps/monex already installed. Skipping. 
2025-02-19 22:04:50,339 [main] INFO  (Deployment.java [installAndDeploy]:192) - Application package http://exist-db.org/apps/existdb-packageservice already installed. Skipping. 
2025-02-19 22:04:50,343 [main] INFO  (Deployment.java [installAndDeploy]:192) - Application package http://exist-db.org/xquery/semver-xq already installed. Skipping. 
2025-02-19 22:04:50,345 [main] INFO  (Deployment.java [installAndDeploy]:192) - Application package http://exist-db.org/html-templating already installed. Skipping. 
